2014/12/17 17:51:18 [error] [system.db.CDbCommand] CDbCommand::execute() failed: SQLSTATE[42S02]: Base table or view not found: 1146 Table 'forks_torches.logs' doesn't exist. The SQL statement executed was: DELETE FROM `logs` WHERE 0=1.
in Z:\domains\game.loc\www\index.php (20)
2014/12/17 19:12:44 [error] [exception.CHttpException.404] exception 'CHttpException' with message 'The requested view "about" was not found.' in Z:\domains\Yii\framework\web\actions\CViewAction.php:112
Stack trace:
#0 Z:\domains\Yii\framework\web\actions\CViewAction.php(123): CViewAction->resolveView('about')
#1 Z:\domains\Yii\framework\web\actions\CAction.php(76): CViewAction->run()
#2 Z:\domains\Yii\framework\web\CController.php(308): CAction->runWithParams(Array)
#3 Z:\domains\Yii\framework\web\CController.php(286): CController->runAction(Object(CViewAction))
#4 Z:\domains\Yii\framework\web\CController.php(265): CController->runActionWithFilters(Object(CViewAction), Array)
#5 Z:\domains\Yii\framework\web\CWebApplication.php(282): CController->run('page')
#6 Z:\domains\Yii\framework\web\CWebApplication.php(141): CWebApplication->runController('site/page')
#7 Z:\domains\Yii\framework\base\CApplication.php(180): CWebApplication->processRequest()
#8 Z:\domains\game.loc\www\index.php(20): CApplication->run()
#9 {main}
REQUEST_URI=/page?view=about
HTTP_REFERER=http://game.loc/index
---
2014/12/17 19:16:53 [error] [exception.CHttpException.404] exception 'CHttpException' with message 'Unable to resolve the request "film/GetFilm".' in Z:\domains\Yii\framework\web\CWebApplication.php:286
Stack trace:
#0 Z:\domains\Yii\framework\web\CWebApplication.php(141): CWebApplication->runController('film/GetFilm')
#1 Z:\domains\Yii\framework\base\CApplication.php(180): CWebApplication->processRequest()
#2 Z:\domains\game.loc\www\index.php(20): CApplication->run()
#3 {main}
REQUEST_URI=/film/GetFilm?term=asd
HTTP_REFERER=http://game.loc/index
---
2014/12/17 19:18:04 [error] [exception.CHttpException.404] exception 'CHttpException' with message 'Unable to resolve the request "film/GetFilm".' in Z:\domains\Yii\framework\web\CWebApplication.php:286
Stack trace:
#0 Z:\domains\Yii\framework\web\CWebApplication.php(141): CWebApplication->runController('film/GetFilm')
#1 Z:\domains\Yii\framework\base\CApplication.php(180): CWebApplication->processRequest()
#2 Z:\domains\game.loc\www\index.php(20): CApplication->run()
#3 {main}
REQUEST_URI=/film/GetFilm?term=asd
HTTP_REFERER=http://game.loc/index
---
2014/12/17 19:19:12 [error] [exception.CHttpException.404] exception 'CHttpException' with message 'Unable to resolve the request "film/GetFilm".' in Z:\domains\Yii\framework\web\CWebApplication.php:286
Stack trace:
#0 Z:\domains\Yii\framework\web\CWebApplication.php(141): CWebApplication->runController('film/GetFilm')
#1 Z:\domains\Yii\framework\base\CApplication.php(180): CWebApplication->processRequest()
#2 Z:\domains\game.loc\www\index.php(20): CApplication->run()
#3 {main}
REQUEST_URI=/film/GetFilm?term=asdasd
HTTP_REFERER=http://game.loc/index
---
2014/12/17 19:20:30 [error] [exception.CHttpException.404] exception 'CHttpException' with message 'The system is unable to find the requested action "findProduct".' in Z:\domains\Yii\framework\web\CController.php:483
Stack trace:
#0 Z:\domains\Yii\framework\web\CController.php(270): CController->missingAction('findProduct')
#1 Z:\domains\Yii\framework\web\CWebApplication.php(282): CController->run('findProduct')
#2 Z:\domains\Yii\framework\web\CWebApplication.php(141): CWebApplication->runController('site/findProduc...')
#3 Z:\domains\Yii\framework\base\CApplication.php(180): CWebApplication->processRequest()
#4 Z:\domains\game.loc\www\index.php(20): CApplication->run()
#5 {main}
REQUEST_URI=/findProduct?term=asd
HTTP_REFERER=http://game.loc/index
---
2014/12/17 19:31:45 [error] [exception.CHttpException.404] exception 'CHttpException' with message 'The system is unable to find the requested action "findCity".' in Z:\domains\Yii\framework\web\CController.php:483
Stack trace:
#0 Z:\domains\Yii\framework\web\CController.php(270): CController->missingAction('findCity')
#1 Z:\domains\Yii\framework\web\CWebApplication.php(282): CController->run('findCity')
#2 Z:\domains\Yii\framework\web\CWebApplication.php(141): CWebApplication->runController('site/findCity')
#3 Z:\domains\Yii\framework\base\CApplication.php(180): CWebApplication->processRequest()
#4 Z:\domains\game.loc\www\index.php(20): CApplication->run()
#5 {main}
REQUEST_URI=/findCity?term=dfh
HTTP_REFERER=http://game.loc/index
---
